D:\C++LEARNING\C-LEARNING\CHAPTER4\CHAPTER6\DEBUG\CHAPTER6.PCH
D:\C++LEARNING\C-LEARNING\CHAPTER4\CHAPTER6\DEBUG\STDAFX.OBJ
D:\C++LEARNING\C-LEARNING\CHAPTER4\CHAPTER6\DEBUG\VC110.PDB
D:\C++LEARNING\C-LEARNING\CHAPTER4\CHAPTER6\DEBUG\CHAPTER6_FUNCTION.PCH
D:\C++LEARNING\C-LEARNING\CHAPTER4\CHAPTER6\DEBUG\CHAPTER6.OBJ
D:\C++LEARNING\C-LEARNING\CHAPTER4\DEBUG\CHAPTER6.ILK
D:\C++LEARNING\C-LEARNING\CHAPTER4\DEBUG\CHAPTER6.EXE
D:\C++LEARNING\C-LEARNING\CHAPTER4\DEBUG\CHAPTER6.PDB
D:\c++learning\c-learning\chapter4\chapter6\Debug\chapter6.obj
D:\c++learning\c-learning\chapter4\chapter6\Debug\stdafx.obj
D:\c++learning\c-learning\chapter4\chapter6\Debug\cl.command.1.tlog
D:\c++learning\c-learning\chapter4\chapter6\Debug\CL.read.1.tlog
D:\c++learning\c-learning\chapter4\chapter6\Debug\CL.write.1.tlog
D:\c++learning\c-learning\chapter4\chapter6\Debug\link-cvtres.read.1.tlog
D:\c++learning\c-learning\chapter4\chapter6\Debug\link-cvtres.write.1.tlog
D:\c++learning\c-learning\chapter4\chapter6\Debug\link-rc.read.1.tlog
D:\c++learning\c-learning\chapter4\chapter6\Debug\link-rc.write.1.tlog
D:\c++learning\c-learning\chapter4\chapter6\Debug\link.command.1.tlog
D:\c++learning\c-learning\chapter4\chapter6\Debug\link.read.1.tlog
D:\c++learning\c-learning\chapter4\chapter6\Debug\link.write.1.tlog
D:\c++learning\c-learning\chapter4\chapter6\Debug\chapter6.pch
D:\c++learning\c-learning\chapter4\chapter6\Debug\chapter6_function.pch
D:\c++learning\c-learning\chapter4\chapter6\Debug\vc110.idb
D:\c++learning\c-learning\chapter4\chapter6\Debug\vc110.pdb
